Copyright 1986-2022 Xilinx, Inc. All Rights Reserved.
------------------------------------------------------------------------------------------------------------------
| Tool Version : Vivado v.2022.1 (win64) Build 3526262 Mon Apr 18 15:48:16 MDT 2022
| Date         : Sun Feb 26 20:46:39 2023
| Host         : LAPTOP-43GH0CTS running 64-bit major release  (build 9200)
| Command      : report_drc -file hdmi_loop_drc_opted.rpt -pb hdmi_loop_drc_opted.pb -rpx hdmi_loop_drc_opted.rpx
| Design       : hdmi_loop
| Device       : xc7a35tfgg484-2
| Speed File   : -2
| Design State : Synthesized
------------------------------------------------------------------------------------------------------------------

Report DRC

Table of Contents
-----------------
1. REPORT SUMMARY
2. REPORT DETAILS

1. REPORT SUMMARY
-----------------
            Netlist: netlist
          Floorplan: design_1
      Design limits: <entire design considered>
           Ruledeck: default
             Max violations: <unlimited>
             Violations found: 0
+------+----------+-------------+------------+
| Rule | Severity | Description | Violations |
+------+----------+-------------+------------+
+------+----------+-------------+------------+

2. REPORT DETAILS
-----------------

