Copyright 1986-2022 Xilinx, Inc. All Rights Reserved.
---------------------------------------------------------------------------------------
| Tool Version : Vivado v.2022.1 (win64) Build 3526262 Mon Apr 18 15:48:16 MDT 2022
| Date         : Sun Feb 26 20:47:11 2023
| Host         : LAPTOP-43GH0CTS running 64-bit major release  (build 9200)
| Command      : report_clock_utilization -file hdmi_loop_clock_utilization_routed.rpt
| Design       : hdmi_loop
| Device       : 7a35t-fgg484
| Speed File   : -2  PRODUCTION 1.23 2018-06-13
| Design State : Routed
---------------------------------------------------------------------------------------

Clock Utilization Report

Table of Contents
-----------------
1. Clock Primitive Utilization
2. Global Clock Resources
3. Global Clock Source Details
4. Clock Regions: Key Resource Utilization
5. Clock Regions : Global Clock Summary
6. Device Cell Placement Summary for Global Clock g0
7. Device Cell Placement Summary for Global Clock g1
8. Device Cell Placement Summary for Global Clock g2
9. Device Cell Placement Summary for Global Clock g3
10. Device Cell Placement Summary for Global Clock g4
11. Clock Region Cell Placement per Global Clock: Region X0Y0
12. Clock Region Cell Placement per Global Clock: Region X1Y0
13. Clock Region Cell Placement per Global Clock: Region X0Y2

1. Clock Primitive Utilization
------------------------------

+----------+------+-----------+-----+--------------+--------+
| Type     | Used | Available | LOC | Clock Region | Pblock |
+----------+------+-----------+-----+--------------+--------+
| BUFGCTRL |    5 |        32 |   0 |            0 |      0 |
| BUFH     |    0 |        72 |   0 |            0 |      0 |
| BUFIO    |    0 |        20 |   0 |            0 |      0 |
| BUFMR    |    0 |        10 |   0 |            0 |      0 |
| BUFR     |    0 |        20 |   0 |            0 |      0 |
| MMCM     |    2 |         5 |   0 |            0 |      0 |
| PLL      |    0 |         5 |   0 |            0 |      0 |
+----------+------+-----------+-----+--------------+--------+


2. Global Clock Resources
-------------------------

+-----------+-----------+-----------------+------------+----------------+--------------+-------------------+-------------+-----------------+--------------+---------------+-------------------------------------------------+------------------------------------------------+
| Global Id | Source Id | Driver Type/Pin | Constraint | Site           | Clock Region | Load Clock Region | Clock Loads | Non-Clock Loads | Clock Period | Clock         | Driver Pin                                      | Net                                            |
+-----------+-----------+-----------------+------------+----------------+--------------+-------------------+-------------+-----------------+--------------+---------------+-------------------------------------------------+------------------------------------------------+
| g0        | src0      | BUFG/O          | None       | BUFGCTRL_X0Y16 | n/a          |                 1 |         489 |               0 |              |               | u_hdmi_rx/u_dvi_decoder/u_tmds_clock/u_BUFG_0/O | u_hdmi_rx/u_dvi_decoder/u_tmds_clock/pixelclk  |
| g1        | src1      | BUFG/O          | None       | BUFGCTRL_X0Y0  | n/a          |                 3 |         108 |               0 |        5.000 | clk_out2_mmcm | u_mmcm/inst/clkout2_buf/O                       | u_mmcm/inst/clk_out2                           |
| g2        | src2      | BUFG/O          | None       | BUFGCTRL_X0Y1  | n/a          |                 1 |          44 |               0 |      100.000 | clk_out1_mmcm | u_mmcm/inst/clkout1_buf/O                       | u_mmcm/inst/clk_out1                           |
| g3        | src3      | BUFG/O          | None       | BUFGCTRL_X0Y17 | n/a          |                 1 |          20 |               0 |              |               | u_hdmi_rx/u_dvi_decoder/u_tmds_clock/u_BUFG/O   | u_hdmi_rx/u_dvi_decoder/u_tmds_clock/serialclk |
| g4        | src4      | BUFG/O          | None       | BUFGCTRL_X0Y2  | n/a          |                 1 |           1 |               0 |       20.000 | clkfbout_mmcm | u_mmcm/inst/clkf_buf/O                          | u_mmcm/inst/clkfbout_buf_mmcm                  |
+-----------+-----------+-----------------+------------+----------------+--------------+-------------------+-------------+-----------------+--------------+---------------+-------------------------------------------------+------------------------------------------------+
* Clock Loads column represents the clock pin loads (pin count). Internal cell leaf pins are not counted
** Non-Clock Loads column represents the non-clock pin loads (pin count)


3. Global Clock Source Details
------------------------------

+-----------+-----------+---------------------+------------+-----------------+--------------+-------------+-----------------+---------------------+---------------+------------------------------------------------------------+----------------------------------------------------------+
| Source Id | Global Id | Driver Type/Pin     | Constraint | Site            | Clock Region | Clock Loads | Non-Clock Loads | Source Clock Period | Source Clock  | Driver Pin                                                 | Net                                                      |
+-----------+-----------+---------------------+------------+-----------------+--------------+-------------+-----------------+---------------------+---------------+------------------------------------------------------------+----------------------------------------------------------+
| src0      | g0        | MMCME2_ADV/CLKOUT1  | None       | MMCME2_ADV_X0Y2 | X0Y2         |           1 |               0 |                     |               | u_hdmi_rx/u_dvi_decoder/u_tmds_clock/mmcm_adv_inst/CLKOUT1 | u_hdmi_rx/u_dvi_decoder/u_tmds_clock/clk_out_1x_hdmi_clk |
| src1      | g1        | MMCME2_ADV/CLKOUT1  | None       | MMCME2_ADV_X1Y0 | X1Y0         |           1 |               0 |               5.000 | clk_out2_mmcm | u_mmcm/inst/mmcm_adv_inst/CLKOUT1                          | u_mmcm/inst/clk_out2_mmcm                                |
| src2      | g2        | MMCME2_ADV/CLKOUT0  | None       | MMCME2_ADV_X1Y0 | X1Y0         |           1 |               0 |             100.000 | clk_out1_mmcm | u_mmcm/inst/mmcm_adv_inst/CLKOUT0                          | u_mmcm/inst/clk_out1_mmcm                                |
| src3      | g3        | MMCME2_ADV/CLKOUT0  | None       | MMCME2_ADV_X0Y2 | X0Y2         |           1 |               0 |                     |               | u_hdmi_rx/u_dvi_decoder/u_tmds_clock/mmcm_adv_inst/CLKOUT0 | u_hdmi_rx/u_dvi_decoder/u_tmds_clock/clk_out_5x_hdmi_clk |
| src4      | g4        | MMCME2_ADV/CLKFBOUT | None       | MMCME2_ADV_X1Y0 | X1Y0         |           1 |               0 |              20.000 | clkfbout_mmcm | u_mmcm/inst/mmcm_adv_inst/CLKFBOUT                         | u_mmcm/inst/clkfbout_mmcm                                |
+-----------+-----------+---------------------+------------+-----------------+--------------+-------------+-----------------+---------------------+---------------+------------------------------------------------------------+----------------------------------------------------------+
* Clock Loads column represents the clock pin loads (pin count). Internal cell leaf pins are not counted
** Non-Clock Loads column represents the non-clock pin loads (pin count)


4. Clock Regions: Key Resource Utilization
------------------------------------------

+-------------------+--------------+--------------+--------------+--------------+--------------+--------------+--------------+--------------+--------------+--------------+--------------+--------------+--------------+--------------+--------------+
|                   | Global Clock |     BUFRs    |    BUFMRs    |    BUFIOs    |     MMCM     |      PLL     |      GT      |      PCI     |    ILOGIC    |    OLOGIC    |      FF      |     LUTM     |    RAMB18    |    RAMB36    |    DSP48E2   |
+-------------------+------+-------+------+-------+------+-------+------+-------+------+-------+------+-------+------+-------+------+-------+------+-------+------+-------+------+-------+------+-------+------+-------+------+-------+------+-------+
| Clock Region Name | Used | Avail | Used | Avail | Used | Avail | Used | Avail | Used | Avail | Used | Avail | Used | Avail | Used | Avail | Used | Avail | Used | Avail | Used | Avail | Used | Avail | Used | Avail | Used | Avail | Used | Avail |
+-------------------+------+-------+------+-------+------+-------+------+-------+------+-------+------+-------+------+-------+------+-------+------+-------+------+-------+------+-------+------+-------+------+-------+------+-------+------+-------+
| X0Y0              |    1 |    12 |    0 |     4 |    0 |     2 |    0 |     4 |    0 |     1 |    0 |     1 |    0 |     0 |    0 |     0 |    0 |    50 |    0 |    50 |    0 |  1200 |    0 |   400 |    0 |    20 |    0 |    10 |    0 |    20 |
| X1Y0              |    2 |    12 |    0 |     4 |    0 |     2 |    0 |     4 |    1 |     1 |    0 |     1 |    0 |     0 |    0 |     0 |    0 |    50 |    0 |    50 |    0 |  1500 |    0 |   450 |    0 |    40 |    0 |    20 |    0 |    20 |
| X0Y1              |    0 |    12 |    0 |     4 |    0 |     2 |    0 |     4 |    0 |     1 |    0 |     1 |    0 |     0 |    0 |     0 |    0 |    50 |    0 |    50 |    0 |  1200 |    0 |   400 |    0 |    20 |    0 |    10 |    0 |    20 |
| X1Y1              |    0 |    12 |    0 |     4 |    0 |     2 |    0 |     4 |    0 |     1 |    0 |     1 |    0 |     0 |    0 |     0 |    0 |    50 |    0 |    50 |    0 |  1500 |    0 |   450 |    0 |    40 |    0 |    20 |    0 |    20 |
| X0Y2              |    4 |    12 |    0 |     4 |    0 |     2 |    0 |     4 |    0 |     1 |    0 |     1 |    0 |     0 |    0 |     0 |    6 |    50 |    8 |    50 |  588 |  1800 |  180 |   400 |    0 |    20 |    0 |    10 |    0 |    20 |
| X1Y2              |    0 |    12 |    0 |     0 |    0 |     0 |    0 |     0 |    0 |     0 |    0 |     0 |    0 |     4 |    0 |     1 |    0 |     0 |    0 |     0 |    0 |   950 |    0 |   300 |    0 |    10 |    0 |     5 |    0 |    20 |
+-------------------+------+-------+------+-------+------+-------+------+-------+------+-------+------+-------+------+-------+------+-------+------+-------+------+-------+------+-------+------+-------+------+-------+------+-------+------+-------+
* Global Clock column represents track count; while other columns represents cell counts


5. Clock Regions : Global Clock Summary
---------------------------------------

All Modules
+----+----+----+
|    | X0 | X1 |
+----+----+----+
| Y2 |  4 |  0 |
| Y1 |  0 |  0 |
| Y0 |  1 |  2 |
+----+----+----+


6. Device Cell Placement Summary for Global Clock g0
----------------------------------------------------

+-----------+-----------------+-------------------+-------+-------------+---------------+-------------+----------+----------------+----------+-----------------------------------------------+
| Global Id | Driver Type/Pin | Driver Region (D) | Clock | Period (ns) | Waveform (ns) | Slice Loads | IO Loads | Clocking Loads | GT Loads | Net                                           |
+-----------+-----------------+-------------------+-------+-------------+---------------+-------------+----------+----------------+----------+-----------------------------------------------+
| g0        | BUFG/O          | n/a               |       |             |               |         445 |       14 |              0 |        0 | u_hdmi_rx/u_dvi_decoder/u_tmds_clock/pixelclk |
+-----------+-----------------+-------------------+-------+-------------+---------------+-------------+----------+----------------+----------+-----------------------------------------------+
* Slice Loads column represents load cell count of all cell types other than IO, GT and clock resources
** IO Loads column represents load cell count of IO types
*** Clocking Loads column represents load cell count that are clock resources (global clock buffer, MMCM, PLL, etc)
**** GT Loads column represents load cell count of GT types


+----+------+----+-----------------------+
|    | X0   | X1 | HORIZONTAL PROG DELAY |
+----+------+----+-----------------------+
| Y2 |  459 |  0 |                     0 |
| Y1 |    0 |  0 |                     - |
| Y0 |    0 |  0 |                     - |
+----+------+----+-----------------------+


7. Device Cell Placement Summary for Global Clock g1
----------------------------------------------------

+-----------+-----------------+-------------------+---------------+-------------+---------------+-------------+----------+----------------+----------+----------------------+
| Global Id | Driver Type/Pin | Driver Region (D) | Clock         | Period (ns) | Waveform (ns) | Slice Loads | IO Loads | Clocking Loads | GT Loads | Net                  |
+-----------+-----------------+-------------------+---------------+-------------+---------------+-------------+----------+----------------+----------+----------------------+
| g1        | BUFG/O          | n/a               | clk_out2_mmcm |       5.000 | {0.000 2.500} |         108 |        0 |              0 |        0 | u_mmcm/inst/clk_out2 |
+-----------+-----------------+-------------------+---------------+-------------+---------------+-------------+----------+----------------+----------+----------------------+
* Slice Loads column represents load cell count of all cell types other than IO, GT and clock resources
** IO Loads column represents load cell count of IO types
*** Clocking Loads column represents load cell count that are clock resources (global clock buffer, MMCM, PLL, etc)
**** GT Loads column represents load cell count of GT types


+----+------+----+-----------------------+
|    | X0   | X1 | HORIZONTAL PROG DELAY |
+----+------+----+-----------------------+
| Y2 |  106 |  0 |                     0 |
| Y1 |    0 |  0 |                     - |
| Y0 |    1 |  1 |                     0 |
+----+------+----+-----------------------+


8. Device Cell Placement Summary for Global Clock g2
----------------------------------------------------

+-----------+-----------------+-------------------+---------------+-------------+----------------+-------------+----------+----------------+----------+----------------------+
| Global Id | Driver Type/Pin | Driver Region (D) | Clock         | Period (ns) | Waveform (ns)  | Slice Loads | IO Loads | Clocking Loads | GT Loads | Net                  |
+-----------+-----------------+-------------------+---------------+-------------+----------------+-------------+----------+----------------+----------+----------------------+
| g2        | BUFG/O          | n/a               | clk_out1_mmcm |     100.000 | {0.000 50.000} |          43 |        0 |              0 |        0 | u_mmcm/inst/clk_out1 |
+-----------+-----------------+-------------------+---------------+-------------+----------------+-------------+----------+----------------+----------+----------------------+
* Slice Loads column represents load cell count of all cell types other than IO, GT and clock resources
** IO Loads column represents load cell count of IO types
*** Clocking Loads column represents load cell count that are clock resources (global clock buffer, MMCM, PLL, etc)
**** GT Loads column represents load cell count of GT types


+----+-----+----+-----------------------+
|    | X0  | X1 | HORIZONTAL PROG DELAY |
+----+-----+----+-----------------------+
| Y2 |  43 |  0 |                     0 |
| Y1 |   0 |  0 |                     - |
| Y0 |   0 |  0 |                     - |
+----+-----+----+-----------------------+


9. Device Cell Placement Summary for Global Clock g3
----------------------------------------------------

+-----------+-----------------+-------------------+-------+-------------+---------------+-------------+----------+----------------+----------+------------------------------------------------+
| Global Id | Driver Type/Pin | Driver Region (D) | Clock | Period (ns) | Waveform (ns) | Slice Loads | IO Loads | Clocking Loads | GT Loads | Net                                            |
+-----------+-----------------+-------------------+-------+-------------+---------------+-------------+----------+----------------+----------+------------------------------------------------+
| g3        | BUFG/O          | n/a               |       |             |               |           0 |       14 |              0 |        0 | u_hdmi_rx/u_dvi_decoder/u_tmds_clock/serialclk |
+-----------+-----------------+-------------------+-------+-------------+---------------+-------------+----------+----------------+----------+------------------------------------------------+
* Slice Loads column represents load cell count of all cell types other than IO, GT and clock resources
** IO Loads column represents load cell count of IO types
*** Clocking Loads column represents load cell count that are clock resources (global clock buffer, MMCM, PLL, etc)
**** GT Loads column represents load cell count of GT types


+----+-----+----+-----------------------+
|    | X0  | X1 | HORIZONTAL PROG DELAY |
+----+-----+----+-----------------------+
| Y2 |  14 |  0 |                     0 |
| Y1 |   0 |  0 |                     - |
| Y0 |   0 |  0 |                     - |
+----+-----+----+-----------------------+


10. Device Cell Placement Summary for Global Clock g4
-----------------------------------------------------

+-----------+-----------------+-------------------+---------------+-------------+----------------+-------------+----------+----------------+----------+-------------------------------+
| Global Id | Driver Type/Pin | Driver Region (D) | Clock         | Period (ns) | Waveform (ns)  | Slice Loads | IO Loads | Clocking Loads | GT Loads | Net                           |
+-----------+-----------------+-------------------+---------------+-------------+----------------+-------------+----------+----------------+----------+-------------------------------+
| g4        | BUFG/O          | n/a               | clkfbout_mmcm |      20.000 | {0.000 10.000} |           0 |        0 |              1 |        0 | u_mmcm/inst/clkfbout_buf_mmcm |
+-----------+-----------------+-------------------+---------------+-------------+----------------+-------------+----------+----------------+----------+-------------------------------+
* Slice Loads column represents load cell count of all cell types other than IO, GT and clock resources
** IO Loads column represents load cell count of IO types
*** Clocking Loads column represents load cell count that are clock resources (global clock buffer, MMCM, PLL, etc)
**** GT Loads column represents load cell count of GT types


+----+----+----+-----------------------+
|    | X0 | X1 | HORIZONTAL PROG DELAY |
+----+----+----+-----------------------+
| Y2 |  0 |  0 |                     - |
| Y1 |  0 |  0 |                     - |
| Y0 |  0 |  1 |                     0 |
+----+----+----+-----------------------+


11. Clock Region Cell Placement per Global Clock: Region X0Y0
-------------------------------------------------------------

+-----------+-------+-----------------+------------+-------------+-----------------+----+-------------+------+-----+----+------+-----+---------+----------------------+
| Global Id | Track | Driver Type/Pin | Constraint | Clock Loads | Non-Clock Loads | FF | Memory LUTs | RAMB | DSP | GT | MMCM | PLL | Hard IP | Net                  |
+-----------+-------+-----------------+------------+-------------+-----------------+----+-------------+------+-----+----+------+-----+---------+----------------------+
| g1        | n/a   | BUFG/O          | None       |           1 |               0 |  0 |           0 |    0 |   0 |  0 |    0 |   0 |       0 | u_mmcm/inst/clk_out2 |
+-----------+-------+-----------------+------------+-------------+-----------------+----+-------------+------+-----+----+------+-----+---------+----------------------+
* Clock Loads column represents the clock pin loads (pin count). Internal cell leaf pins are not counted
** Non-Clock Loads column represents the non-clock pin loads (pin count)
*** Columns FF, LUTRAM, RAMB through 'Hard IP' represents load cell counts


12. Clock Region Cell Placement per Global Clock: Region X1Y0
-------------------------------------------------------------

+-----------+-------+-----------------+------------+-------------+-----------------+----+-------------+------+-----+----+------+-----+---------+-------------------------------+
| Global Id | Track | Driver Type/Pin | Constraint | Clock Loads | Non-Clock Loads | FF | Memory LUTs | RAMB | DSP | GT | MMCM | PLL | Hard IP | Net                           |
+-----------+-------+-----------------+------------+-------------+-----------------+----+-------------+------+-----+----+------+-----+---------+-------------------------------+
| g1        | n/a   | BUFG/O          | None       |           1 |               0 |  0 |           0 |    0 |   0 |  0 |    0 |   0 |       0 | u_mmcm/inst/clk_out2          |
| g4        | n/a   | BUFG/O          | None       |           1 |               0 |  0 |           0 |    0 |   0 |  0 |    1 |   0 |       0 | u_mmcm/inst/clkfbout_buf_mmcm |
+-----------+-------+-----------------+------------+-------------+-----------------+----+-------------+------+-----+----+------+-----+---------+-------------------------------+
* Clock Loads column represents the clock pin loads (pin count). Internal cell leaf pins are not counted
** Non-Clock Loads column represents the non-clock pin loads (pin count)
*** Columns FF, LUTRAM, RAMB through 'Hard IP' represents load cell counts


13. Clock Region Cell Placement per Global Clock: Region X0Y2
-------------------------------------------------------------

+-----------+-------+-----------------+------------+-------------+-----------------+-----+-------------+------+-----+----+------+-----+---------+------------------------------------------------+
| Global Id | Track | Driver Type/Pin | Constraint | Clock Loads | Non-Clock Loads | FF  | Memory LUTs | RAMB | DSP | GT | MMCM | PLL | Hard IP | Net                                            |
+-----------+-------+-----------------+------------+-------------+-----------------+-----+-------------+------+-----+----+------+-----+---------+------------------------------------------------+
| g0        | n/a   | BUFG/O          | None       |         459 |               0 | 441 |           1 |    0 |   0 |  0 |    0 |   0 |       0 | u_hdmi_rx/u_dvi_decoder/u_tmds_clock/pixelclk  |
| g1        | n/a   | BUFG/O          | None       |         106 |               0 | 105 |           0 |    0 |   0 |  0 |    0 |   0 |       0 | u_mmcm/inst/clk_out2                           |
| g2        | n/a   | BUFG/O          | None       |          43 |               0 |  42 |           0 |    0 |   0 |  0 |    0 |   0 |       0 | u_mmcm/inst/clk_out1                           |
| g3        | n/a   | BUFG/O          | None       |          14 |               0 |   0 |           0 |    0 |   0 |  0 |    0 |   0 |       0 | u_hdmi_rx/u_dvi_decoder/u_tmds_clock/serialclk |
+-----------+-------+-----------------+------------+-------------+-----------------+-----+-------------+------+-----+----+------+-----+---------+------------------------------------------------+
* Clock Loads column represents the clock pin loads (pin count). Internal cell leaf pins are not counted
** Non-Clock Loads column represents the non-clock pin loads (pin count)
*** Columns FF, LUTRAM, RAMB through 'Hard IP' represents load cell counts



# Location of BUFG Primitives 
set_property LOC BUFGCTRL_X0Y2 [get_cells u_mmcm/inst/clkf_buf]
set_property LOC BUFGCTRL_X0Y0 [get_cells u_mmcm/inst/clkout2_buf]
set_property LOC BUFGCTRL_X0Y1 [get_cells u_mmcm/inst/clkout1_buf]
set_property LOC BUFGCTRL_X0Y17 [get_cells u_hdmi_rx/u_dvi_decoder/u_tmds_clock/u_BUFG]
set_property LOC BUFGCTRL_X0Y16 [get_cells u_hdmi_rx/u_dvi_decoder/u_tmds_clock/u_BUFG_0]

# Location of IO Primitives which is load of clock spine

# Location of clock ports
set_property LOC IOB_X0Y123 [get_ports clk_hdmi_in_n]
set_property LOC IOB_X0Y124 [get_ports clk_hdmi_in_p]
set_property LOC IOB_X1Y24 [get_ports sys_clk]

# Clock net "u_mmcm/inst/clk_out2" driven by instance "u_mmcm/inst/clkout2_buf" located at site "BUFGCTRL_X0Y0"
#startgroup
create_pblock {CLKAG_u_mmcm/inst/clk_out2}
add_cells_to_pblock [get_pblocks  {CLKAG_u_mmcm/inst/clk_out2}] [get_cells -filter { PRIMITIVE_GROUP != I/O && IS_PRIMITIVE==1 && PRIMITIVE_LEVEL !=INTERNAL } -of_object [get_pins -filter {DIRECTION==IN} -of_objects [get_nets -hierarchical -filter {PARENT=="u_mmcm/inst/clk_out2"}]]]
resize_pblock [get_pblocks {CLKAG_u_mmcm/inst/clk_out2}] -add {CLOCKREGION_X0Y0:CLOCKREGION_X0Y0 CLOCKREGION_X0Y2:CLOCKREGION_X0Y2 CLOCKREGION_X1Y0:CLOCKREGION_X1Y0}
#endgroup

# Clock net "u_mmcm/inst/clk_out1" driven by instance "u_mmcm/inst/clkout1_buf" located at site "BUFGCTRL_X0Y1"
#startgroup
create_pblock {CLKAG_u_mmcm/inst/clk_out1}
add_cells_to_pblock [get_pblocks  {CLKAG_u_mmcm/inst/clk_out1}] [get_cells -filter { PRIMITIVE_GROUP != I/O && IS_PRIMITIVE==1 && PRIMITIVE_LEVEL !=INTERNAL } -of_object [get_pins -filter {DIRECTION==IN} -of_objects [get_nets -hierarchical -filter {PARENT=="u_mmcm/inst/clk_out1"}]]]
resize_pblock [get_pblocks {CLKAG_u_mmcm/inst/clk_out1}] -add {CLOCKREGION_X0Y2:CLOCKREGION_X0Y2}
#endgroup

# Clock net "u_hdmi_rx/u_dvi_decoder/u_tmds_clock/serialclk" driven by instance "u_hdmi_rx/u_dvi_decoder/u_tmds_clock/u_BUFG" located at site "BUFGCTRL_X0Y17"
#startgroup
create_pblock {CLKAG_u_hdmi_rx/u_dvi_decoder/u_tmds_clock/serialclk}
add_cells_to_pblock [get_pblocks  {CLKAG_u_hdmi_rx/u_dvi_decoder/u_tmds_clock/serialclk}] [get_cells -filter { PRIMITIVE_GROUP != I/O && IS_PRIMITIVE==1 && PRIMITIVE_LEVEL !=INTERNAL } -of_object [get_pins -filter {DIRECTION==IN} -of_objects [get_nets -hierarchical -filter {PARENT=="u_hdmi_rx/u_dvi_decoder/u_tmds_clock/serialclk"}]]]
resize_pblock [get_pblocks {CLKAG_u_hdmi_rx/u_dvi_decoder/u_tmds_clock/serialclk}] -add {CLOCKREGION_X0Y2:CLOCKREGION_X0Y2}
#endgroup

# Clock net "u_hdmi_rx/u_dvi_decoder/u_tmds_clock/pixelclk" driven by instance "u_hdmi_rx/u_dvi_decoder/u_tmds_clock/u_BUFG_0" located at site "BUFGCTRL_X0Y16"
#startgroup
create_pblock {CLKAG_u_hdmi_rx/u_dvi_decoder/u_tmds_clock/pixelclk}
add_cells_to_pblock [get_pblocks  {CLKAG_u_hdmi_rx/u_dvi_decoder/u_tmds_clock/pixelclk}] [get_cells -filter { PRIMITIVE_GROUP != I/O && IS_PRIMITIVE==1 && PRIMITIVE_LEVEL !=INTERNAL } -of_object [get_pins -filter {DIRECTION==IN} -of_objects [get_nets -hierarchical -filter {PARENT=="u_hdmi_rx/u_dvi_decoder/u_tmds_clock/pixelclk"}]]]
resize_pblock [get_pblocks {CLKAG_u_hdmi_rx/u_dvi_decoder/u_tmds_clock/pixelclk}] -add {CLOCKREGION_X0Y2:CLOCKREGION_X0Y2}
#endgroup
