Copyright 1986-2022 Xilinx, Inc. All Rights Reserved.
-------------------------------------------------------------------------------------------------------------------------------------------------
| Tool Version     : Vivado v.2022.1 (win64) Build 3526262 Mon Apr 18 15:48:16 MDT 2022
| Date             : Sun Feb 26 20:47:11 2023
| Host             : LAPTOP-43GH0CTS running 64-bit major release  (build 9200)
| Command          : report_power -file hdmi_loop_power_routed.rpt -pb hdmi_loop_power_summary_routed.pb -rpx hdmi_loop_power_routed.rpx
| Design           : hdmi_loop
| Device           : xc7a35tfgg484-2
| Design State     : routed
| Grade            : commercial
| Process          : typical
| Characterization : Production
-------------------------------------------------------------------------------------------------------------------------------------------------

Power Report

Table of Contents
-----------------
1. Summary
1.1 On-Chip Components
1.2 Power Supply Summary
1.3 Confidence Level
2. Settings
2.1 Environment
2.2 Clock Constraints
3. Detailed Reports
3.1 By Hierarchy

1. Summary
----------

+--------------------------+--------------+
| Total On-Chip Power (W)  | 0.385        |
| Design Power Budget (W)  | Unspecified* |
| Power Budget Margin (W)  | NA           |
| Dynamic (W)              | 0.313        |
| Device Static (W)        | 0.072        |
| Effective TJA (C/W)      | 2.8          |
| Max Ambient (C)          | 83.9         |
| Junction Temperature (C) | 26.1         |
| Confidence Level         | Low          |
| Setting File             | ---          |
| Simulation Activity File | ---          |
| Design Nets Matched      | NA           |
+--------------------------+--------------+
* Specify Design Power Budget using, set_operating_conditions -design_power_budget <value in Watts>


1.1 On-Chip Components
----------------------

+--------------------------+-----------+----------+-----------+-----------------+
| On-Chip                  | Power (W) | Used     | Available | Utilization (%) |
+--------------------------+-----------+----------+-----------+-----------------+
| Clocks                   |     0.004 |        7 |       --- |             --- |
| Slice Logic              |    <0.001 |     1356 |       --- |             --- |
|   LUT as Logic           |    <0.001 |      477 |     20800 |            2.29 |
|   CARRY4                 |    <0.001 |       24 |      8150 |            0.29 |
|   Register               |    <0.001 |      588 |     41600 |            1.41 |
|   LUT as Distributed RAM |    <0.001 |       30 |      9600 |            0.31 |
|   BUFG                   |    <0.001 |        2 |        32 |            6.25 |
|   Others                 |    <0.001 |       71 |       --- |             --- |
|   LUT as Shift Register  |    <0.001 |        1 |      9600 |            0.01 |
| Signals                  |    <0.001 |      988 |       --- |             --- |
| Block RAM                |    <0.001 |      0.5 |        50 |            1.00 |
| MMCM                     |     0.161 |        2 |         5 |           40.00 |
| I/O                      |     0.147 |       23 |       250 |            9.20 |
| Static Power             |     0.072 |          |           |                 |
| Total                    |     0.385 |          |           |                 |
+--------------------------+-----------+----------+-----------+-----------------+


1.2 Power Supply Summary
------------------------

+-----------+-------------+-----------+-------------+------------+-------------+-------------+------------+
| Source    | Voltage (V) | Total (A) | Dynamic (A) | Static (A) | Powerup (A) | Budget (A)  | Margin (A) |
+-----------+-------------+-----------+-------------+------------+-------------+-------------+------------+
| Vccint    |       1.000 |     0.019 |       0.009 |      0.010 |       NA    | Unspecified | NA         |
| Vccaux    |       1.800 |     0.109 |       0.096 |      0.013 |       NA    | Unspecified | NA         |
| Vcco33    |       3.300 |     0.041 |       0.040 |      0.001 |       NA    | Unspecified | NA         |
| Vcco25    |       2.500 |     0.000 |       0.000 |      0.000 |       NA    | Unspecified | NA         |
| Vcco18    |       1.800 |     0.000 |       0.000 |      0.000 |       NA    | Unspecified | NA         |
| Vcco15    |       1.500 |     0.000 |       0.000 |      0.000 |       NA    | Unspecified | NA         |
| Vcco135   |       1.350 |     0.000 |       0.000 |      0.000 |       NA    | Unspecified | NA         |
| Vcco12    |       1.200 |     0.000 |       0.000 |      0.000 |       NA    | Unspecified | NA         |
| Vccaux_io |       1.800 |     0.000 |       0.000 |      0.000 |       NA    | Unspecified | NA         |
| Vccbram   |       1.000 |     0.000 |       0.000 |      0.000 |       NA    | Unspecified | NA         |
| MGTAVcc   |       1.000 |     0.000 |       0.000 |      0.000 |       NA    | Unspecified | NA         |
| MGTAVtt   |       1.200 |     0.000 |       0.000 |      0.000 |       NA    | Unspecified | NA         |
| Vccadc    |       1.800 |     0.020 |       0.000 |      0.020 |       NA    | Unspecified | NA         |
+-----------+-------------+-----------+-------------+------------+-------------+-------------+------------+


1.3 Confidence Level
--------------------

+-----------------------------+------------+--------------------------------------------------------+--------------------------------------------------------------------------------------------------------------------+
| User Input Data             | Confidence | Details                                                | Action                                                                                                             |
+-----------------------------+------------+--------------------------------------------------------+--------------------------------------------------------------------------------------------------------------------+
| Design implementation state | High       | Design is routed                                       |                                                                                                                    |
| Clock nodes activity        | Low        | User specified less than 75% of clocks                 | Provide missing clock activity with a constraint file, simulation results or by editing the "By Clock Domain" view |
| I/O nodes activity          | Low        | More than 75% of inputs are missing user specification | Provide missing input activity with simulation results or by editing the "By Resource Type -> I/Os" view           |
| Internal nodes activity     | Medium     | User specified less than 25% of internal nodes         | Provide missing internal nodes activity with simulation results or by editing the "By Resource Type" views         |
| Device models               | High       | Device models are Production                           |                                                                                                                    |
|                             |            |                                                        |                                                                                                                    |
| Overall confidence level    | Low        |                                                        |                                                                                                                    |
+-----------------------------+------------+--------------------------------------------------------+--------------------------------------------------------------------------------------------------------------------+


2. Settings
-----------

2.1 Environment
---------------

+-----------------------+--------------------------+
| Ambient Temp (C)      | 25.0                     |
| ThetaJA (C/W)         | 2.8                      |
| Airflow (LFM)         | 250                      |
| Heat Sink             | medium (Medium Profile)  |
| ThetaSA (C/W)         | 4.6                      |
| Board Selection       | medium (10"x10")         |
| # of Board Layers     | 12to15 (12 to 15 Layers) |
| Board Temperature (C) | 25.0                     |
+-----------------------+--------------------------+


2.2 Clock Constraints
---------------------

+---------------+---------------------------+-----------------+
| Clock         | Domain                    | Constraint (ns) |
+---------------+---------------------------+-----------------+
| clk_out1_mmcm | u_mmcm/inst/clk_out1_mmcm |           100.0 |
| clk_out2_mmcm | u_mmcm/inst/clk_out2_mmcm |             5.0 |
| clkfbout_mmcm | u_mmcm/inst/clkfbout_mmcm |            20.0 |
| sys_clk       | sys_clk                   |            20.0 |
+---------------+---------------------------+-----------------+


3. Detailed Reports
-------------------

3.1 By Hierarchy
----------------

+------------------------+-----------+
| Name                   | Power (W) |
+------------------------+-----------+
| hdmi_loop              |     0.313 |
|   u_hdmi_rx            |     0.075 |
|     u_dvi_decoder      |     0.075 |
|       u_tmds_clock     |     0.058 |
|       u_tmds_decoder_0 |     0.006 |
|       u_tmds_decoder_1 |     0.006 |
|       u_tmds_decoder_2 |     0.006 |
|   u_mmcm               |     0.106 |
|     inst               |     0.106 |
|   u_rgb2dvi_0          |     0.132 |
+------------------------+-----------+


