
*** Running vivado
    with args -log hdmi_loop.vdi -applog -m64 -product Vivado -messageDb vivado.pb -mode batch -source hdmi_loop.tcl -notrace



****** Vivado v2022.1 (64-bit)
  **** SW Build 3526262 on Mon Apr 18 15:48:16 MDT 2022
  **** IP Build 3524634 on Mon Apr 18 20:55:01 MDT 2022
    ** Copyright 1986-2022 Xilinx, Inc. All Rights Reserved.

source hdmi_loop.tcl -notrace
Command: link_design -top hdmi_loop -part xc7a35tfgg484-2
Design is defaulting to srcset: sources_1
Design is defaulting to constrset: constrs_1
INFO: [Device 21-403] Loading part xc7a35tfgg484-2
INFO: [Project 1-454] Reading design checkpoint 'D:/slim/WHUT/JiChuang/XiaoSai/hdmi_loop/hdmi_loop.runs/impl_1/.Xil/Vivado-48772-LAPTOP-43GH0CTS/mmcm/mmcm.dcp' for cell 'u_mmcm'
INFO: [Project 1-454] Reading design checkpoint 'D:/slim/WHUT/JiChuang/XiaoSai/hdmi_loop/hdmi_loop.runs/impl_1/.Xil/Vivado-48772-LAPTOP-43GH0CTS/edid_rom/edid_rom.dcp' for cell 'u_i2c_edid/edid_rom_0'
Netlist sorting complete. Time (s): cpu = 00:00:00 ; elapsed = 00:00:00.011 . Memory (MB): peak = 1285.281 ; gain = 0.000
INFO: [Netlist 29-17] Analyzing 75 Unisim elements for replacement
INFO: [Netlist 29-28] Unisim Transformation completed in 0 CPU seconds
INFO: [Project 1-479] Netlist was created with Vivado 2022.1
INFO: [Project 1-570] Preparing netlist for logic optimization
Parsing XDC File [d:/slim/WHUT/JiChuang/XiaoSai/hdmi_loop/hdmi_loop.srcs/sources_1/ip/mmcm/mmcm_board.xdc] for cell 'u_mmcm/inst'
Finished Parsing XDC File [d:/slim/WHUT/JiChuang/XiaoSai/hdmi_loop/hdmi_loop.srcs/sources_1/ip/mmcm/mmcm_board.xdc] for cell 'u_mmcm/inst'
Parsing XDC File [d:/slim/WHUT/JiChuang/XiaoSai/hdmi_loop/hdmi_loop.srcs/sources_1/ip/mmcm/mmcm.xdc] for cell 'u_mmcm/inst'
INFO: [Timing 38-35] Done setting XDC timing constraints. [d:/slim/WHUT/JiChuang/XiaoSai/hdmi_loop/hdmi_loop.srcs/sources_1/ip/mmcm/mmcm.xdc:57]
INFO: [Timing 38-2] Deriving generated clocks [d:/slim/WHUT/JiChuang/XiaoSai/hdmi_loop/hdmi_loop.srcs/sources_1/ip/mmcm/mmcm.xdc:57]
get_clocks: Time (s): cpu = 00:00:07 ; elapsed = 00:00:07 . Memory (MB): peak = 1470.559 ; gain = 185.277
Finished Parsing XDC File [d:/slim/WHUT/JiChuang/XiaoSai/hdmi_loop/hdmi_loop.srcs/sources_1/ip/mmcm/mmcm.xdc] for cell 'u_mmcm/inst'
Parsing XDC File [D:/slim/WHUT/JiChuang/XiaoSai/hdmi_loop/hdmi_loop.srcs/constrs_1/new/top.xdc]
WARNING: [Constraints 18-619] A clock with name 'sys_clk' already exists, overwriting the previous clock with the same name. [D:/slim/WHUT/JiChuang/XiaoSai/hdmi_loop/hdmi_loop.srcs/constrs_1/new/top.xdc:10]
INFO: [Constraints 18-483] create_clock: no pin(s)/port(s)/net(s) specified as objects, only virtual clock 'clk_hdmi_in_p' will be created. If you don't want this, please specify pin(s)/ports(s)/net(s) as objects to the command. [D:/slim/WHUT/JiChuang/XiaoSai/hdmi_loop/hdmi_loop.srcs/constrs_1/new/top.xdc:17]
Finished Parsing XDC File [D:/slim/WHUT/JiChuang/XiaoSai/hdmi_loop/hdmi_loop.srcs/constrs_1/new/top.xdc]
INFO: [Opt 31-138] Pushed 0 inverter(s) to 0 load pin(s).
Netlist sorting complete. Time (s): cpu = 00:00:00 ; elapsed = 00:00:00 . Memory (MB): peak = 1470.570 ; gain = 0.000
INFO: [Project 1-111] Unisim Transformation Summary:
  A total of 31 instances were transformed.
  IOBUF => IOBUF (IBUF, OBUFT): 1 instance 
  RAM16X1D => RAM32X1D (RAMD32(x2)): 30 instances

12 Infos, 1 Warnings, 0 Critical Warnings and 0 Errors encountered.
link_design completed successfully
link_design: Time (s): cpu = 00:00:12 ; elapsed = 00:00:13 . Memory (MB): peak = 1470.570 ; gain = 185.289
Command: opt_design
Attempting to get a license for feature 'Implementation' and/or device 'xc7a35t'
INFO: [Common 17-349] Got license for feature 'Implementation' and/or device 'xc7a35t'
Running DRC as a precondition to command opt_design

Starting DRC Task
INFO: [DRC 23-27] Running DRC with 2 threads
INFO: [Project 1-461] DRC finished with 0 Errors
INFO: [Project 1-462] Please refer to the DRC report (report_drc) for more information.

Time (s): cpu = 00:00:02 ; elapsed = 00:00:01 . Memory (MB): peak = 1470.570 ; gain = 0.000

Starting Cache Timing Information Task
INFO: [Constraints 18-483] create_clock: no pin(s)/port(s)/net(s) specified as objects, only virtual clock 'clk_hdmi_in_p' will be created. If you don't want this, please specify pin(s)/ports(s)/net(s) as objects to the command. [D:/slim/WHUT/JiChuang/XiaoSai/hdmi_loop/hdmi_loop.srcs/constrs_1/new/top.xdc:17]
INFO: [Timing 38-35] Done setting XDC timing constraints.
Ending Cache Timing Information Task | Checksum: 205b455b0

Time (s): cpu = 00:00:00 ; elapsed = 00:00:00.051 . Memory (MB): peak = 1489.445 ; gain = 18.875

Starting Logic Optimization Task

Phase 1 Retarget
INFO: [Opt 31-138] Pushed 0 inverter(s) to 0 load pin(s).
In IDDR TRANSFORM
INFO: [Opt 31-49] Retargeted 0 cell(s).
Phase 1 Retarget | Checksum: 205b455b0

Time (s): cpu = 00:00:00 ; elapsed = 00:00:00.051 . Memory (MB): peak = 1788.137 ; gain = 0.000
INFO: [Opt 31-389] Phase Retarget created 0 cells and removed 0 cells
INFO: [Opt 31-1021] In phase Retarget, 1 netlist objects are constrained preventing optimization. Please run opt_design with -debug_log to get more detail. 

Phase 2 Constant propagation
INFO: [Opt 31-138] Pushed 0 inverter(s) to 0 load pin(s).
Phase 2 Constant propagation | Checksum: 205b455b0

Time (s): cpu = 00:00:00 ; elapsed = 00:00:00.059 . Memory (MB): peak = 1788.137 ; gain = 0.000
INFO: [Opt 31-389] Phase Constant propagation created 0 cells and removed 0 cells

Phase 3 Sweep
Phase 3 Sweep | Checksum: 1874bc3d4

Time (s): cpu = 00:00:00 ; elapsed = 00:00:00.076 . Memory (MB): peak = 1788.137 ; gain = 0.000
INFO: [Opt 31-389] Phase Sweep created 0 cells and removed 0 cells

Phase 4 BUFG optimization
Phase 4 BUFG optimization | Checksum: 1874bc3d4

Time (s): cpu = 00:00:00 ; elapsed = 00:00:00.121 . Memory (MB): peak = 1788.137 ; gain = 0.000
INFO: [Opt 31-662] Phase BUFG optimization created 0 cells of which 0 are BUFGs and removed 0 cells.

Phase 5 Shift Register Optimization
INFO: [Opt 31-1064] SRL Remap converted 0 SRLs to 0 registers and converted 0 registers of register chains to 0 SRLs
Phase 5 Shift Register Optimization | Checksum: 1874bc3d4

Time (s): cpu = 00:00:00 ; elapsed = 00:00:00.134 . Memory (MB): peak = 1788.137 ; gain = 0.000
INFO: [Opt 31-389] Phase Shift Register Optimization created 0 cells and removed 0 cells

Phase 6 Post Processing Netlist
Phase 6 Post Processing Netlist | Checksum: 1874bc3d4

Time (s): cpu = 00:00:00 ; elapsed = 00:00:00.139 . Memory (MB): peak = 1788.137 ; gain = 0.000
INFO: [Opt 31-389] Phase Post Processing Netlist created 0 cells and removed 0 cells
Opt_design Change Summary
=========================


-------------------------------------------------------------------------------------------------------------------------
|  Phase                        |  #Cells created  |  #Cells Removed  |  #Constrained objects preventing optimizations  |
-------------------------------------------------------------------------------------------------------------------------
|  Retarget                     |               0  |               0  |                                              1  |
|  Constant propagation         |               0  |               0  |                                              0  |
|  Sweep                        |               0  |               0  |                                              0  |
|  BUFG optimization            |               0  |               0  |                                              0  |
|  Shift Register Optimization  |               0  |               0  |                                              0  |
|  Post Processing Netlist      |               0  |               0  |                                              0  |
-------------------------------------------------------------------------------------------------------------------------



Starting Connectivity Check Task

Time (s): cpu = 00:00:00 ; elapsed = 00:00:00.002 . Memory (MB): peak = 1788.137 ; gain = 0.000
Ending Logic Optimization Task | Checksum: 1107245e0

Time (s): cpu = 00:00:00 ; elapsed = 00:00:00.162 . Memory (MB): peak = 1788.137 ; gain = 0.000

Starting Power Optimization Task
INFO: [Pwropt 34-132] Skipping clock gating for clocks with a period < 2.00 ns.
INFO: [Pwropt 34-9] Applying IDT optimizations ...
INFO: [Pwropt 34-10] Applying ODC optimizations ...
INFO: [Constraints 18-483] create_clock: no pin(s)/port(s)/net(s) specified as objects, only virtual clock 'clk_hdmi_in_p' will be created. If you don't want this, please specify pin(s)/ports(s)/net(s) as objects to the command. [D:/slim/WHUT/JiChuang/XiaoSai/hdmi_loop/hdmi_loop.srcs/constrs_1/new/top.xdc:17]
INFO: [Timing 38-35] Done setting XDC timing constraints.
Running Vector-less Activity Propagation...

Finished Running Vector-less Activity Propagation


Starting PowerOpt Patch Enables Task
INFO: [Pwropt 34-162] WRITE_MODE attribute of 0 BRAM(s) out of a total of 1 has been updated to save power. Run report_power_opt to get a complete listing of the BRAMs updated.
INFO: [Pwropt 34-201] Structural ODC has moved 0 WE to EN ports
Number of BRAM Ports augmented: 0 newly gated: 0 Total Ports: 2
Ending PowerOpt Patch Enables Task | Checksum: 1107245e0

Time (s): cpu = 00:00:00 ; elapsed = 00:00:00.010 . Memory (MB): peak = 1896.137 ; gain = 0.000
Ending Power Optimization Task | Checksum: 1107245e0

Time (s): cpu = 00:00:01 ; elapsed = 00:00:00.770 . Memory (MB): peak = 1896.137 ; gain = 108.000

Starting Final Cleanup Task
Ending Final Cleanup Task | Checksum: 1107245e0

Time (s): cpu = 00:00:00 ; elapsed = 00:00:00 . Memory (MB): peak = 1896.137 ; gain = 0.000

Starting Netlist Obfuscation Task
Netlist sorting complete. Time (s): cpu = 00:00:00 ; elapsed = 00:00:00 . Memory (MB): peak = 1896.137 ; gain = 0.000
Ending Netlist Obfuscation Task | Checksum: 1107245e0

Time (s): cpu = 00:00:00 ; elapsed = 00:00:00.002 . Memory (MB): peak = 1896.137 ; gain = 0.000
INFO: [Common 17-83] Releasing license: Implementation
37 Infos, 1 Warnings, 0 Critical Warnings and 0 Errors encountered.
opt_design completed successfully
opt_design: Time (s): cpu = 00:00:06 ; elapsed = 00:00:05 . Memory (MB): peak = 1896.137 ; gain = 425.566
INFO: [Timing 38-480] Writing timing data to binary archive.
Writing XDEF routing.
Writing XDEF routing logical nets.
Writing XDEF routing special nets.
Write XDEF Complete: Time (s): cpu = 00:00:00 ; elapsed = 00:00:00.040 . Memory (MB): peak = 1896.137 ; gain = 0.000
INFO: [Common 17-1381] The checkpoint 'D:/slim/WHUT/JiChuang/XiaoSai/hdmi_loop/hdmi_loop.runs/impl_1/hdmi_loop_opt.dcp' has been generated.
INFO: [runtcl-4] Executing : report_drc -file hdmi_loop_drc_opted.rpt -pb hdmi_loop_drc_opted.pb -rpx hdmi_loop_drc_opted.rpx
Command: report_drc -file hdmi_loop_drc_opted.rpt -pb hdmi_loop_drc_opted.pb -rpx hdmi_loop_drc_opted.rpx
INFO: [IP_Flow 19-1839] IP Catalog is up to date.
INFO: [Constraints 18-483] create_clock: no pin(s)/port(s)/net(s) specified as objects, only virtual clock 'clk_hdmi_in_p' will be created. If you don't want this, please specify pin(s)/ports(s)/net(s) as objects to the command. [D:/slim/WHUT/JiChuang/XiaoSai/hdmi_loop/hdmi_loop.srcs/constrs_1/new/top.xdc:17]
INFO: [Timing 38-35] Done setting XDC timing constraints.
INFO: [DRC 23-27] Running DRC with 2 threads
INFO: [Vivado_Tcl 2-168] The results of DRC are in file D:/slim/WHUT/JiChuang/XiaoSai/hdmi_loop/hdmi_loop.runs/impl_1/hdmi_loop_drc_opted.rpt.
report_drc completed successfully
Command: place_design
Attempting to get a license for feature 'Implementation' and/or device 'xc7a35t'
INFO: [Common 17-349] Got license for feature 'Implementation' and/or device 'xc7a35t'
INFO: [DRC 23-27] Running DRC with 2 threads
INFO: [Vivado_Tcl 4-198] DRC finished with 0 Errors
INFO: [Vivado_Tcl 4-199] Please refer to the DRC report (report_drc) for more information.
Running DRC as a precondition to command place_design
INFO: [DRC 23-27] Running DRC with 2 threads
INFO: [Vivado_Tcl 4-198] DRC finished with 0 Errors
INFO: [Vivado_Tcl 4-199] Please refer to the DRC report (report_drc) for more information.

Starting Placer Task
INFO: [Place 30-611] Multithreading enabled for place_design using a maximum of 2 CPUs

Phase 1 Placer Initialization

Phase 1.1 Placer Initialization Netlist Sorting
Netlist sorting complete. Time (s): cpu = 00:00:00 ; elapsed = 00:00:00 . Memory (MB): peak = 1896.137 ; gain = 0.000
Phase 1.1 Placer Initialization Netlist Sorting | Checksum: c1272b2a

Time (s): cpu = 00:00:01 ; elapsed = 00:00:00.007 . Memory (MB): peak = 1896.137 ; gain = 0.000
Netlist sorting complete. Time (s): cpu = 00:00:00 ; elapsed = 00:00:00 . Memory (MB): peak = 1896.137 ; gain = 0.000

Phase 1.2 IO Placement/ Clock Placement/ Build Placer Device
Phase 1.2 IO Placement/ Clock Placement/ Build Placer Device | Checksum: c99da3b2

Time (s): cpu = 00:00:01 ; elapsed = 00:00:00.345 . Memory (MB): peak = 1896.137 ; gain = 0.000

Phase 1.3 Build Placer Netlist Model
Phase 1.3 Build Placer Netlist Model | Checksum: 14ec4280c

Time (s): cpu = 00:00:01 ; elapsed = 00:00:00.600 . Memory (MB): peak = 1896.137 ; gain = 0.000

Phase 1.4 Constrain Clocks/Macros
Phase 1.4 Constrain Clocks/Macros | Checksum: 14ec4280c

Time (s): cpu = 00:00:01 ; elapsed = 00:00:00.603 . Memory (MB): peak = 1896.137 ; gain = 0.000
Phase 1 Placer Initialization | Checksum: 14ec4280c

Time (s): cpu = 00:00:01 ; elapsed = 00:00:00.608 . Memory (MB): peak = 1896.137 ; gain = 0.000

Phase 2 Global Placement

Phase 2.1 Floorplanning
Phase 2.1 Floorplanning | Checksum: 1b61b6db7

Time (s): cpu = 00:00:01 ; elapsed = 00:00:00.719 . Memory (MB): peak = 1896.137 ; gain = 0.000

Phase 2.2 Update Timing before SLR Path Opt
Phase 2.2 Update Timing before SLR Path Opt | Checksum: 13593e9d3

Time (s): cpu = 00:00:01 ; elapsed = 00:00:00.784 . Memory (MB): peak = 1896.137 ; gain = 0.000

Phase 2.3 Post-Processing in Floorplanning
Phase 2.3 Post-Processing in Floorplanning | Checksum: 13593e9d3

Time (s): cpu = 00:00:01 ; elapsed = 00:00:00.786 . Memory (MB): peak = 1896.137 ; gain = 0.000

Phase 2.4 Global Placement Core

Phase 2.4.1 Physical Synthesis In Placer
INFO: [Physopt 32-1035] Found 0 LUTNM shape to break, 24 LUT instances to create LUTNM shape
INFO: [Physopt 32-1044] Break lutnm for timing: one critical 0, two critical 0, total 0, new lutff created 0
INFO: [Physopt 32-1138] End 1 Pass. Optimized 11 nets or LUTs. Breaked 0 LUT, combined 11 existing LUTs and moved 0 existing LUT
INFO: [Physopt 32-65] No nets found for high-fanout optimization.
INFO: [Physopt 32-232] Optimized 0 net. Created 0 new instance.
INFO: [Physopt 32-775] End 1 Pass. Optimized 0 net or cell. Created 0 new cell, deleted 0 existing cell and moved 0 existing cell
INFO: [Physopt 32-670] No setup violation found.  DSP Register Optimization was not performed.
INFO: [Physopt 32-670] No setup violation found.  Shift Register to Pipeline Optimization was not performed.
INFO: [Physopt 32-670] No setup violation found.  Shift Register Optimization was not performed.
INFO: [Physopt 32-670] No setup violation found.  BRAM Register Optimization was not performed.
INFO: [Physopt 32-670] No setup violation found.  URAM Register Optimization was not performed.
INFO: [Physopt 32-949] No candidate nets found for dynamic/static region interface net replication
INFO: [Physopt 32-775] End 1 Pass. Optimized 0 net or cell. Created 0 new cell, deleted 0 existing cell and moved 0 existing cell
Netlist sorting complete. Time (s): cpu = 00:00:00 ; elapsed = 00:00:00.001 . Memory (MB): peak = 1896.137 ; gain = 0.000

Summary of Physical Synthesis Optimizations
============================================


-----------------------------------------------------------------------------------------------------------------------------------------------------------
|  Optimization                                     |  Added Cells  |  Removed Cells  |  Optimized Cells/Nets  |  Dont Touch  |  Iterations  |  Elapsed   |
-----------------------------------------------------------------------------------------------------------------------------------------------------------
|  LUT Combining                                    |            0  |             11  |                    11  |           0  |           1  |  00:00:00  |
|  Retime                                           |            0  |              0  |                     0  |           0  |           1  |  00:00:00  |
|  Very High Fanout                                 |            0  |              0  |                     0  |           0  |           1  |  00:00:00  |
|  DSP Register                                     |            0  |              0  |                     0  |           0  |           0  |  00:00:00  |
|  Shift Register to Pipeline                       |            0  |              0  |                     0  |           0  |           0  |  00:00:00  |
|  Shift Register                                   |            0  |              0  |                     0  |           0  |           0  |  00:00:00  |
|  BRAM Register                                    |            0  |              0  |                     0  |           0  |           0  |  00:00:00  |
|  URAM Register                                    |            0  |              0  |                     0  |           0  |           0  |  00:00:00  |
|  Dynamic/Static Region Interface Net Replication  |            0  |              0  |                     0  |           0  |           1  |  00:00:00  |
|  Total                                            |            0  |             11  |                    11  |           0  |           4  |  00:00:00  |
-----------------------------------------------------------------------------------------------------------------------------------------------------------


Phase 2.4.1 Physical Synthesis In Placer | Checksum: 16f330365

Time (s): cpu = 00:00:05 ; elapsed = 00:00:03 . Memory (MB): peak = 1896.137 ; gain = 0.000
Phase 2.4 Global Placement Core | Checksum: 1f82fbfa7

Time (s): cpu = 00:00:05 ; elapsed = 00:00:03 . Memory (MB): peak = 1896.137 ; gain = 0.000
Phase 2 Global Placement | Checksum: 1f82fbfa7

Time (s): cpu = 00:00:05 ; elapsed = 00:00:03 . Memory (MB): peak = 1896.137 ; gain = 0.000

Phase 3 Detail Placement

Phase 3.1 Commit Multi Column Macros
Phase 3.1 Commit Multi Column Macros | Checksum: 1a82db09f

Time (s): cpu = 00:00:05 ; elapsed = 00:00:03 . Memory (MB): peak = 1896.137 ; gain = 0.000

Phase 3.2 Commit Most Macros & LUTRAMs
Phase 3.2 Commit Most Macros & LUTRAMs | Checksum: 17ec8e5c0

Time (s): cpu = 00:00:05 ; elapsed = 00:00:03 . Memory (MB): peak = 1896.137 ; gain = 0.000

Phase 3.3 Area Swap Optimization
Phase 3.3 Area Swap Optimization | Checksum: 146c46457

Time (s): cpu = 00:00:05 ; elapsed = 00:00:03 . Memory (MB): peak = 1896.137 ; gain = 0.000

Phase 3.4 Pipeline Register Optimization
Phase 3.4 Pipeline Register Optimization | Checksum: cd32412d

Time (s): cpu = 00:00:05 ; elapsed = 00:00:03 . Memory (MB): peak = 1896.137 ; gain = 0.000

Phase 3.5 Small Shape Detail Placement
Phase 3.5 Small Shape Detail Placement | Checksum: 1c2de2f69

Time (s): cpu = 00:00:05 ; elapsed = 00:00:04 . Memory (MB): peak = 1896.137 ; gain = 0.000

Phase 3.6 Re-assign LUT pins
Phase 3.6 Re-assign LUT pins | Checksum: dfc128df

Time (s): cpu = 00:00:05 ; elapsed = 00:00:04 . Memory (MB): peak = 1896.137 ; gain = 0.000

Phase 3.7 Pipeline Register Optimization
Phase 3.7 Pipeline Register Optimization | Checksum: 139644fb9

Time (s): cpu = 00:00:05 ; elapsed = 00:00:04 . Memory (MB): peak = 1896.137 ; gain = 0.000
Phase 3 Detail Placement | Checksum: 139644fb9

Time (s): cpu = 00:00:05 ; elapsed = 00:00:04 . Memory (MB): peak = 1896.137 ; gain = 0.000

Phase 4 Post Placement Optimization and Clean-Up

Phase 4.1 Post Commit Optimization
INFO: [Constraints 18-483] create_clock: no pin(s)/port(s)/net(s) specified as objects, only virtual clock 'clk_hdmi_in_p' will be created. If you don't want this, please specify pin(s)/ports(s)/net(s) as objects to the command. [D:/slim/WHUT/JiChuang/XiaoSai/hdmi_loop/hdmi_loop.srcs/constrs_1/new/top.xdc:17]
INFO: [Timing 38-35] Done setting XDC timing constraints.

Phase 4.1.1 Post Placement Optimization
Post Placement Optimization Initialization | Checksum: 1ccf51393

Phase 4.1.1.1 BUFG Insertion

Starting Physical Synthesis Task

Phase 1 Physical Synthesis Initialization
INFO: [Physopt 32-721] Multithreading enabled for phys_opt_design using a maximum of 2 CPUs
INFO: [Physopt 32-619] Estimated Timing Summary | WNS=1.768 | TNS=0.000 |
Phase 1 Physical Synthesis Initialization | Checksum: 204dbbfe7

Time (s): cpu = 00:00:00 ; elapsed = 00:00:00.032 . Memory (MB): peak = 1896.137 ; gain = 0.000
INFO: [Place 46-56] BUFG insertion identified 0 candidate nets. Inserted BUFG: 0, Replicated BUFG Driver: 0, Skipped due to Placement/Routing Conflicts: 0, Skipped due to Timing Degradation: 0, Skipped due to Illegal Netlist: 0.
Ending Physical Synthesis Task | Checksum: 1473ea22d

Time (s): cpu = 00:00:00 ; elapsed = 00:00:00.039 . Memory (MB): peak = 1896.137 ; gain = 0.000
Phase 4.1.1.1 BUFG Insertion | Checksum: 1ccf51393

Time (s): cpu = 00:00:06 ; elapsed = 00:00:04 . Memory (MB): peak = 1896.137 ; gain = 0.000

Phase 4.1.1.2 Post Placement Timing Optimization
INFO: [Place 30-746] Post Placement Timing Summary WNS=1.768. For the most accurate timing information please run report_timing.
Phase 4.1.1.2 Post Placement Timing Optimization | Checksum: 189e1d09a

Time (s): cpu = 00:00:06 ; elapsed = 00:00:04 . Memory (MB): peak = 1896.137 ; gain = 0.000

Time (s): cpu = 00:00:06 ; elapsed = 00:00:04 . Memory (MB): peak = 1896.137 ; gain = 0.000
Phase 4.1 Post Commit Optimization | Checksum: 189e1d09a

Time (s): cpu = 00:00:06 ; elapsed = 00:00:04 . Memory (MB): peak = 1896.137 ; gain = 0.000

Phase 4.2 Post Placement Cleanup
Phase 4.2 Post Placement Cleanup | Checksum: 189e1d09a

Time (s): cpu = 00:00:06 ; elapsed = 00:00:04 . Memory (MB): peak = 1896.137 ; gain = 0.000

Phase 4.3 Placer Reporting

Phase 4.3.1 Print Estimated Congestion
INFO: [Place 30-612] Post-Placement Estimated Congestion 
 ____________________________________________________
|           | Global Congestion | Short Congestion  |
| Direction | Region Size       | Region Size       |
|___________|___________________|___________________|
|      North|                1x1|                1x1|
|___________|___________________|___________________|
|      South|                1x1|                1x1|
|___________|___________________|___________________|
|       East|                1x1|                1x1|
|___________|___________________|___________________|
|       West|                1x1|                1x1|
|___________|___________________|___________________|

Phase 4.3.1 Print Estimated Congestion | Checksum: 189e1d09a

Time (s): cpu = 00:00:06 ; elapsed = 00:00:04 . Memory (MB): peak = 1896.137 ; gain = 0.000
Phase 4.3 Placer Reporting | Checksum: 189e1d09a

Time (s): cpu = 00:00:06 ; elapsed = 00:00:04 . Memory (MB): peak = 1896.137 ; gain = 0.000

Phase 4.4 Final Placement Cleanup
Netlist sorting complete. Time (s): cpu = 00:00:00 ; elapsed = 00:00:00 . Memory (MB): peak = 1896.137 ; gain = 0.000

Time (s): cpu = 00:00:06 ; elapsed = 00:00:04 . Memory (MB): peak = 1896.137 ; gain = 0.000
Phase 4 Post Placement Optimization and Clean-Up | Checksum: cba5fce3

Time (s): cpu = 00:00:06 ; elapsed = 00:00:04 . Memory (MB): peak = 1896.137 ; gain = 0.000
Ending Placer Task | Checksum: 39b7b3c0

Time (s): cpu = 00:00:06 ; elapsed = 00:00:04 . Memory (MB): peak = 1896.137 ; gain = 0.000
INFO: [Common 17-83] Releasing license: Implementation
74 Infos, 1 Warnings, 0 Critical Warnings and 0 Errors encountered.
place_design completed successfully
place_design: Time (s): cpu = 00:00:07 ; elapsed = 00:00:05 . Memory (MB): peak = 1896.137 ; gain = 0.000
INFO: [Timing 38-480] Writing timing data to binary archive.
Writing XDEF routing.
Writing XDEF routing logical nets.
Writing XDEF routing special nets.
Write XDEF Complete: Time (s): cpu = 00:00:00 ; elapsed = 00:00:00.105 . Memory (MB): peak = 1896.137 ; gain = 0.000
INFO: [Common 17-1381] The checkpoint 'D:/slim/WHUT/JiChuang/XiaoSai/hdmi_loop/hdmi_loop.runs/impl_1/hdmi_loop_placed.dcp' has been generated.
INFO: [runtcl-4] Executing : report_io -file hdmi_loop_io_placed.rpt
report_io: Time (s): cpu = 00:00:00 ; elapsed = 00:00:00.079 . Memory (MB): peak = 1896.137 ; gain = 0.000
INFO: [runtcl-4] Executing : report_utilization -file hdmi_loop_utilization_placed.rpt -pb hdmi_loop_utilization_placed.pb
INFO: [runtcl-4] Executing : report_control_sets -verbose -file hdmi_loop_control_sets_placed.rpt
report_control_sets: Time (s): cpu = 00:00:00 ; elapsed = 00:00:00.006 . Memory (MB): peak = 1896.137 ; gain = 0.000
Command: route_design
Attempting to get a license for feature 'Implementation' and/or device 'xc7a35t'
INFO: [Common 17-349] Got license for feature 'Implementation' and/or device 'xc7a35t'
Running DRC as a precondition to command route_design
INFO: [DRC 23-27] Running DRC with 2 threads
INFO: [Vivado_Tcl 4-198] DRC finished with 0 Errors
INFO: [Vivado_Tcl 4-199] Please refer to the DRC report (report_drc) for more information.


Starting Routing Task
INFO: [Route 35-254] Multithreading enabled for route_design using a maximum of 2 CPUs

Phase 1 Build RT Design
Checksum: PlaceDB: 17646e62 ConstDB: 0 ShapeSum: 2253455e RouteDB: 0
Post Restoration Checksum: NetGraph: d99f7309 NumContArr: 1e9fc2d3 Constraints: 0 Timing: 0
Phase 1 Build RT Design | Checksum: f83f35dc

Time (s): cpu = 00:00:23 ; elapsed = 00:00:20 . Memory (MB): peak = 1926.672 ; gain = 30.535

Phase 2 Router Initialization

Phase 2.1 Fix Topology Constraints
Phase 2.1 Fix Topology Constraints | Checksum: f83f35dc

Time (s): cpu = 00:00:23 ; elapsed = 00:00:20 . Memory (MB): peak = 1932.703 ; gain = 36.566

Phase 2.2 Pre Route Cleanup
Phase 2.2 Pre Route Cleanup | Checksum: f83f35dc

Time (s): cpu = 00:00:23 ; elapsed = 00:00:20 . Memory (MB): peak = 1932.703 ; gain = 36.566
 Number of Nodes with overlaps = 0

Phase 2.3 Update Timing
Phase 2.3 Update Timing | Checksum: 13d9a5e2b

Time (s): cpu = 00:00:24 ; elapsed = 00:00:21 . Memory (MB): peak = 1947.211 ; gain = 51.074
INFO: [Route 35-416] Intermediate Timing Summary | WNS=1.766  | TNS=0.000  | WHS=-0.205 | THS=-8.486 |


Router Utilization Summary
  Global Vertical Routing Utilization    = 0 %
  Global Horizontal Routing Utilization  = 0 %
  Routable Net Status*
  *Does not include unroutable nets such as driverless and loadless.
  Run report_route_status for detailed report.
  Number of Failed Nets               = 986
    (Failed Nets is the sum of unrouted and partially routed nets)
  Number of Unrouted Nets             = 986
  Number of Partially Routed Nets     = 0
  Number of Node Overlaps             = 0

Phase 2 Router Initialization | Checksum: fdb95cb7

Time (s): cpu = 00:00:24 ; elapsed = 00:00:21 . Memory (MB): peak = 1947.211 ; gain = 51.074

Phase 3 Initial Routing

Phase 3.1 Global Routing
Phase 3.1 Global Routing | Checksum: fdb95cb7

Time (s): cpu = 00:00:24 ; elapsed = 00:00:21 . Memory (MB): peak = 1947.211 ; gain = 51.074
Phase 3 Initial Routing | Checksum: ffd79cae

Time (s): cpu = 00:00:24 ; elapsed = 00:00:21 . Memory (MB): peak = 1947.211 ; gain = 51.074

Phase 4 Rip-up And Reroute

Phase 4.1 Global Iteration 0
 Number of Nodes with overlaps = 70
 Number of Nodes with overlaps = 5
 Number of Nodes with overlaps = 3
 Number of Nodes with overlaps = 0
INFO: [Route 35-416] Intermediate Timing Summary | WNS=1.536  | TNS=0.000  | WHS=N/A    | THS=N/A    |

Phase 4.1 Global Iteration 0 | Checksum: 2c96e660

Time (s): cpu = 00:00:25 ; elapsed = 00:00:21 . Memory (MB): peak = 1947.211 ; gain = 51.074
Phase 4 Rip-up And Reroute | Checksum: 2c96e660

Time (s): cpu = 00:00:25 ; elapsed = 00:00:21 . Memory (MB): peak = 1947.211 ; gain = 51.074

Phase 5 Delay and Skew Optimization

Phase 5.1 Delay CleanUp
Phase 5.1 Delay CleanUp | Checksum: 2c96e660

Time (s): cpu = 00:00:25 ; elapsed = 00:00:21 . Memory (MB): peak = 1947.211 ; gain = 51.074

Phase 5.2 Clock Skew Optimization
Phase 5.2 Clock Skew Optimization | Checksum: 2c96e660

Time (s): cpu = 00:00:25 ; elapsed = 00:00:21 . Memory (MB): peak = 1947.211 ; gain = 51.074
Phase 5 Delay and Skew Optimization | Checksum: 2c96e660

Time (s): cpu = 00:00:25 ; elapsed = 00:00:21 . Memory (MB): peak = 1947.211 ; gain = 51.074

Phase 6 Post Hold Fix

Phase 6.1 Hold Fix Iter

Phase 6.1.1 Update Timing
Phase 6.1.1 Update Timing | Checksum: 446ac81d

Time (s): cpu = 00:00:25 ; elapsed = 00:00:22 . Memory (MB): peak = 1947.211 ; gain = 51.074
INFO: [Route 35-416] Intermediate Timing Summary | WNS=1.627  | TNS=0.000  | WHS=0.092  | THS=0.000  |

Phase 6.1 Hold Fix Iter | Checksum: 446ac81d

Time (s): cpu = 00:00:25 ; elapsed = 00:00:22 . Memory (MB): peak = 1947.211 ; gain = 51.074
Phase 6 Post Hold Fix | Checksum: 446ac81d

Time (s): cpu = 00:00:25 ; elapsed = 00:00:22 . Memory (MB): peak = 1947.211 ; gain = 51.074

Phase 7 Route finalize

Router Utilization Summary
  Global Vertical Routing Utilization    = 0.162242 %
  Global Horizontal Routing Utilization  = 0.18545 %
  Routable Net Status*
  *Does not include unroutable nets such as driverless and loadless.
  Run report_route_status for detailed report.
  Number of Failed Nets               = 0
    (Failed Nets is the sum of unrouted and partially routed nets)
  Number of Unrouted Nets             = 0
  Number of Partially Routed Nets     = 0
  Number of Node Overlaps             = 0

Phase 7 Route finalize | Checksum: 34dbeab7

Time (s): cpu = 00:00:25 ; elapsed = 00:00:22 . Memory (MB): peak = 1947.211 ; gain = 51.074

Phase 8 Verifying routed nets

 Verification completed successfully
Phase 8 Verifying routed nets | Checksum: 34dbeab7

Time (s): cpu = 00:00:25 ; elapsed = 00:00:22 . Memory (MB): peak = 1947.211 ; gain = 51.074

Phase 9 Depositing Routes
Phase 9 Depositing Routes | Checksum: 11e7906cd

Time (s): cpu = 00:00:25 ; elapsed = 00:00:22 . Memory (MB): peak = 1947.211 ; gain = 51.074

Phase 10 Post Router Timing
INFO: [Route 35-57] Estimated Timing Summary | WNS=1.627  | TNS=0.000  | WHS=0.092  | THS=0.000  |

INFO: [Route 35-327] The final timing numbers are based on the router estimated timing analysis. For a complete and accurate timing signoff, please run report_timing_summary.
Phase 10 Post Router Timing | Checksum: 11e7906cd

Time (s): cpu = 00:00:25 ; elapsed = 00:00:22 . Memory (MB): peak = 1947.211 ; gain = 51.074
INFO: [Route 35-16] Router Completed Successfully

Time (s): cpu = 00:00:25 ; elapsed = 00:00:22 . Memory (MB): peak = 1947.211 ; gain = 51.074

Routing Is Done.
INFO: [Common 17-83] Releasing license: Implementation
91 Infos, 1 Warnings, 0 Critical Warnings and 0 Errors encountered.
route_design completed successfully
route_design: Time (s): cpu = 00:00:27 ; elapsed = 00:00:23 . Memory (MB): peak = 1947.211 ; gain = 51.074
INFO: [Timing 38-480] Writing timing data to binary archive.
Writing XDEF routing.
Writing XDEF routing logical nets.
Writing XDEF routing special nets.
Write XDEF Complete: Time (s): cpu = 00:00:00 ; elapsed = 00:00:00.135 . Memory (MB): peak = 1965.191 ; gain = 17.980
INFO: [Common 17-1381] The checkpoint 'D:/slim/WHUT/JiChuang/XiaoSai/hdmi_loop/hdmi_loop.runs/impl_1/hdmi_loop_routed.dcp' has been generated.
INFO: [runtcl-4] Executing : report_drc -file hdmi_loop_drc_routed.rpt -pb hdmi_loop_drc_routed.pb -rpx hdmi_loop_drc_routed.rpx
Command: report_drc -file hdmi_loop_drc_routed.rpt -pb hdmi_loop_drc_routed.pb -rpx hdmi_loop_drc_routed.rpx
INFO: [IP_Flow 19-1839] IP Catalog is up to date.
INFO: [DRC 23-27] Running DRC with 2 threads
INFO: [Vivado_Tcl 2-168] The results of DRC are in file D:/slim/WHUT/JiChuang/XiaoSai/hdmi_loop/hdmi_loop.runs/impl_1/hdmi_loop_drc_routed.rpt.
report_drc completed successfully
INFO: [runtcl-4] Executing : report_methodology -file hdmi_loop_methodology_drc_routed.rpt -pb hdmi_loop_methodology_drc_routed.pb -rpx hdmi_loop_methodology_drc_routed.rpx
Command: report_methodology -file hdmi_loop_methodology_drc_routed.rpt -pb hdmi_loop_methodology_drc_routed.pb -rpx hdmi_loop_methodology_drc_routed.rpx
INFO: [Constraints 18-483] create_clock: no pin(s)/port(s)/net(s) specified as objects, only virtual clock 'clk_hdmi_in_p' will be created. If you don't want this, please specify pin(s)/ports(s)/net(s) as objects to the command. [D:/slim/WHUT/JiChuang/XiaoSai/hdmi_loop/hdmi_loop.srcs/constrs_1/new/top.xdc:17]
INFO: [Timing 38-35] Done setting XDC timing constraints.
INFO: [DRC 23-133] Running Methodology with 2 threads
INFO: [Vivado_Tcl 2-1520] The results of Report Methodology are in file D:/slim/WHUT/JiChuang/XiaoSai/hdmi_loop/hdmi_loop.runs/impl_1/hdmi_loop_methodology_drc_routed.rpt.
report_methodology completed successfully
INFO: [runtcl-4] Executing : report_power -file hdmi_loop_power_routed.rpt -pb hdmi_loop_power_summary_routed.pb -rpx hdmi_loop_power_routed.rpx
Command: report_power -file hdmi_loop_power_routed.rpt -pb hdmi_loop_power_summary_routed.pb -rpx hdmi_loop_power_routed.rpx
INFO: [Constraints 18-483] create_clock: no pin(s)/port(s)/net(s) specified as objects, only virtual clock 'clk_hdmi_in_p' will be created. If you don't want this, please specify pin(s)/ports(s)/net(s) as objects to the command. [D:/slim/WHUT/JiChuang/XiaoSai/hdmi_loop/hdmi_loop.srcs/constrs_1/new/top.xdc:17]
INFO: [Timing 38-35] Done setting XDC timing constraints.
Running Vector-less Activity Propagation...

Finished Running Vector-less Activity Propagation
105 Infos, 1 Warnings, 0 Critical Warnings and 0 Errors encountered.
report_power completed successfully
INFO: [runtcl-4] Executing : report_route_status -file hdmi_loop_route_status.rpt -pb hdmi_loop_route_status.pb
INFO: [runtcl-4] Executing : report_timing_summary -max_paths 10 -file hdmi_loop_timing_summary_routed.rpt -pb hdmi_loop_timing_summary_routed.pb -rpx hdmi_loop_timing_summary_routed.rpx -warn_on_violation 
INFO: [Timing 38-91] UpdateTimingParams: Speed grade: -2, Delay Type: min_max.
INFO: [Timing 38-191] Multithreading enabled for timing update using a maximum of 2 CPUs
INFO: [runtcl-4] Executing : report_incremental_reuse -file hdmi_loop_incremental_reuse_routed.rpt
INFO: [Vivado_Tcl 4-1062] Incremental flow is disabled. No incremental reuse Info to report.
INFO: [runtcl-4] Executing : report_clock_utilization -file hdmi_loop_clock_utilization_routed.rpt
INFO: [runtcl-4] Executing : report_bus_skew -warn_on_violation -file hdmi_loop_bus_skew_routed.rpt -pb hdmi_loop_bus_skew_routed.pb -rpx hdmi_loop_bus_skew_routed.rpx
INFO: [Timing 38-91] UpdateTimingParams: Speed grade: -2, Delay Type: min_max.
INFO: [Timing 38-191] Multithreading enabled for timing update using a maximum of 2 CPUs
Command: write_bitstream -force hdmi_loop.bit -bin_file
Attempting to get a license for feature 'Implementation' and/or device 'xc7a35t'
INFO: [Common 17-349] Got license for feature 'Implementation' and/or device 'xc7a35t'
Running DRC as a precondition to command write_bitstream
INFO: [IP_Flow 19-1839] IP Catalog is up to date.
INFO: [DRC 23-27] Running DRC with 2 threads
INFO: [Vivado 12-3199] DRC finished with 0 Errors
INFO: [Vivado 12-3200] Please refer to the DRC report (report_drc) for more information.
INFO: [Designutils 20-2272] Running write_bitstream with 2 threads.
Loading data files...
Loading site data...
Loading route data...
Processing options...
Creating bitmap...
Creating bitstream...
Writing bitstream ./hdmi_loop.bit...
Writing bitstream ./hdmi_loop.bin...
INFO: [Vivado 12-1842] Bitgen Completed Successfully.
INFO: [Project 1-1876] WebTalk data collection is mandatory when using a ULT device. To see the specific WebTalk data collected for your design, open the usage_statistics_webtalk.html or usage_statistics_webtalk.xml file in the implementation directory.
INFO: [Common 17-83] Releasing license: Implementation
12 Infos, 0 Warnings, 0 Critical Warnings and 0 Errors encountered.
write_bitstream completed successfully
write_bitstream: Time (s): cpu = 00:00:12 ; elapsed = 00:00:11 . Memory (MB): peak = 2425.828 ; gain = 444.426
INFO: [Common 17-206] Exiting Vivado at Sun Feb 26 20:47:23 2023...
